
May 14, 2024 18:45:08.75 NEW SESSION
May 14, 2024 18:45:08.77 ATTENTION: default value of option mesa_glthread overridden by environment.
May 14, 2024 18:45:08.83 ATTENTION: default value of option mesa_glthread overridden by environment.
May 14, 2024 19:00:15.28 ATTENTION: default value of option mesa_glthread overridden by environment.
May 14, 2024 19:00:15.33 ATTENTION: default value of option mesa_glthread overridden by environment.
May 14, 2024 19:02:37.10 [3943] Sandbox: Unexpected EOF, op 0 flags 00 path /proc/cpuinfo
May 14, 2024 19:30:50.25 ATTENTION: default value of option mesa_glthread overridden by environment.
May 14, 2024 19:30:50.30 ATTENTION: default value of option mesa_glthread overridden by environment.
May 14, 2024 19:31:40.83 ATTENTION: default value of option mesa_glthread overridden by environment.
May 14, 2024 19:31:40.88 ATTENTION: default value of option mesa_glthread overridden by environment.
May 14, 2024 19:38:39.80 ATTENTION: default value of option mesa_glthread overridden by environment.
May 14, 2024 19:38:39.84 ATTENTION: default value of option mesa_glthread overridden by environment.

May 15, 2024 19:04:33.20 NEW SESSION
May 15, 2024 19:04:33.22 ATTENTION: default value of option mesa_glthread overridden by environment.
May 15, 2024 19:04:33.28 ATTENTION: default value of option mesa_glthread overridden by environment.
May 15, 2024 19:06:33.77 [3491] Sandbox: Unexpected EOF, op 0 flags 00 path /proc/cpuinfo
May 15, 2024 19:08:24.49 ATTENTION: default value of option mesa_glthread overridden by environment.
May 15, 2024 19:08:24.53 ATTENTION: default value of option mesa_glthread overridden by environment.

May 17, 2024 19:51:33.52 NEW SESSION
May 17, 2024 19:51:33.53 ATTENTION: default value of option mesa_glthread overridden by environment.
May 17, 2024 19:51:33.57 ATTENTION: default value of option mesa_glthread overridden by environment.

May 20, 2024 19:17:53.91 NEW SESSION
May 20, 2024 19:17:53.92 ATTENTION: default value of option mesa_glthread overridden by environment.
May 20, 2024 19:17:54.00 ATTENTION: default value of option mesa_glthread overridden by environment.
May 20, 2024 19:21:15.95 [6746] Sandbox: Unexpected EOF, op 0 flags 00 path /proc/cpuinfo
May 20, 2024 19:24:50.11 ATTENTION: default value of option mesa_glthread overridden by environment.
May 20, 2024 19:24:50.16 ATTENTION: default value of option mesa_glthread overridden by environment.
May 20, 2024 19:27:18.86 [7435] Sandbox: Unexpected EOF, op 0 flags 00 path /proc/cpuinfo
May 20, 2024 19:37:45.59 ATTENTION: default value of option mesa_glthread overridden by environment.
May 20, 2024 19:37:45.63 ATTENTION: default value of option mesa_glthread overridden by environment.
May 20, 2024 19:38:32.46 [8455] Sandbox: Unexpected EOF, op 0 flags 00 path /proc/cpuinfo
May 20, 2024 19:41:41.95 ATTENTION: default value of option mesa_glthread overridden by environment.
May 20, 2024 19:41:41.99 ATTENTION: default value of option mesa_glthread overridden by environment.
May 20, 2024 19:42:09.91 [8967] Sandbox: Unexpected EOF, op 0 flags 00 path /proc/cpuinfo
May 20, 2024 19:44:27.14 ATTENTION: default value of option mesa_glthread overridden by environment.
May 20, 2024 19:44:27.19 ATTENTION: default value of option mesa_glthread overridden by environment.
May 20, 2024 19:45:21.03 [9372] Sandbox: Unexpected EOF, op 0 flags 00 path /proc/cpuinfo

May 23, 2024 19:40:34.20 NEW SESSION
May 23, 2024 19:40:34.20 ATTENTION: default value of option mesa_glthread overridden by environment.
May 23, 2024 19:40:34.31 ATTENTION: default value of option mesa_glthread overridden by environment.
May 23, 2024 19:52:11.63 [8873] Sandbox: Unexpected EOF, op 0 flags 00 path /proc/cpuinfo

May 25, 2024 18:38:54.92 NEW SESSION
May 25, 2024 18:38:54.92 ATTENTION: default value of option mesa_glthread overridden by environment.
May 25, 2024 18:38:54.99 ATTENTION: default value of option mesa_glthread overridden by environment.

May 28, 2024 18:38:20.62 NEW SESSION
May 28, 2024 18:38:20.62 ATTENTION: default value of option mesa_glthread overridden by environment.
May 28, 2024 18:38:20.69 ATTENTION: default value of option mesa_glthread overridden by environment.

Mar 02, 2023 18:31:15.01 NEW SESSION
Mar 02, 2023 18:31:15.02 ATTENTION: default value of option mesa_glthread overridden by environment.
Mar 02, 2023 18:31:15.09 ATTENTION: default value of option mesa_glthread overridden by environment.
Mar 02, 2023 18:31:46.00 Fontconfig warning: Directory/file mtime in the future. New fonts may not be detected.
Mar 02, 2023 18:32:19.04 Fontconfig warning: Directory/file mtime in the future. New fonts may not be detected.
Mar 02, 2023 18:32:50.04 Fontconfig warning: Directory/file mtime in the future. New fonts may not be detected.
Mar 02, 2023 18:33:22.24 Fontconfig warning: Directory/file mtime in the future. New fonts may not be detected.
Mar 02, 2023 18:33:54.32 Fontconfig warning: Directory/file mtime in the future. New fonts may not be detected.
Mar 02, 2023 18:34:28.92 Fontconfig warning: Directory/file mtime in the future. New fonts may not be detected.
Mar 02, 2023 18:35:00.46 Fontconfig warning: Directory/file mtime in the future. New fonts may not be detected.
Mar 02, 2023 18:35:31.46 Fontconfig warning: Directory/file mtime in the future. New fonts may not be detected.
Mar 02, 2023 18:36:05.61 Fontconfig warning: Directory/file mtime in the future. New fonts may not be detected.
Mar 02, 2023 18:36:36.61 Fontconfig warning: Directory/file mtime in the future. New fonts may not be detected.
Mar 02, 2023 18:37:07.87 Fontconfig warning: Directory/file mtime in the future. New fonts may not be detected.
Mar 02, 2023 18:37:39.68 Fontconfig warning: Directory/file mtime in the future. New fonts may not be detected.
Mar 02, 2023 18:38:11.83 Fontconfig warning: Directory/file mtime in the future. New fonts may not be detected.
Mar 02, 2023 18:38:42.97 Fontconfig warning: Directory/file mtime in the future. New fonts may not be detected.
Mar 02, 2023 18:39:14.06 Fontconfig warning: Directory/file mtime in the future. New fonts may not be detected.
Mar 02, 2023 18:39:47.32 Fontconfig warning: Directory/file mtime in the future. New fonts may not be detected.
Mar 02, 2023 18:40:19.18 Fontconfig warning: Directory/file mtime in the future. New fonts may not be detected.
Mar 02, 2023 18:40:50.18 Fontconfig warning: Directory/file mtime in the future. New fonts may not be detected.
Mar 02, 2023 18:41:22.60 Fontconfig warning: Directory/file mtime in the future. New fonts may not be detected.
Mar 02, 2023 18:41:53.61 Fontconfig warning: Directory/file mtime in the future. New fonts may not be detected.
Mar 02, 2023 18:42:24.64 Fontconfig warning: Directory/file mtime in the future. New fonts may not be detected.
Mar 02, 2023 18:42:55.64 Fontconfig warning: Directory/file mtime in the future. New fonts may not be detected.
Mar 02, 2023 18:43:26.64 Fontconfig warning: Directory/file mtime in the future. New fonts may not be detected.
Mar 02, 2023 18:43:57.83 Fontconfig warning: Directory/file mtime in the future. New fonts may not be detected.
Mar 02, 2023 18:44:28.83 Fontconfig warning: Directory/file mtime in the future. New fonts may not be detected.
Mar 02, 2023 18:44:59.83 Fontconfig warning: Directory/file mtime in the future. New fonts may not be detected.
Mar 02, 2023 18:45:31.72 Fontconfig warning: Directory/file mtime in the future. New fonts may not be detected.
Mar 02, 2023 18:46:03.77 Fontconfig warning: Directory/file mtime in the future. New fonts may not be detected.

May 29, 2024 18:35:28.30 NEW SESSION
May 29, 2024 18:35:28.32 ATTENTION: default value of option mesa_glthread overridden by environment.
May 29, 2024 18:35:28.39 ATTENTION: default value of option mesa_glthread overridden by environment.

May 30, 2024 18:38:10.62 NEW SESSION
May 30, 2024 18:38:10.63 ATTENTION: default value of option mesa_glthread overridden by environment.
May 30, 2024 18:38:10.68 ATTENTION: default value of option mesa_glthread overridden by environment.

May 31, 2024 18:52:01.02 NEW SESSION
May 31, 2024 18:52:01.02 ATTENTION: default value of option mesa_glthread overridden by environment.
May 31, 2024 18:52:01.14 ATTENTION: default value of option mesa_glthread overridden by environment.

Jun 17, 2024 19:41:11.99 NEW SESSION
Jun 17, 2024 19:41:11.99 ATTENTION: default value of option mesa_glthread overridden by environment.
Jun 17, 2024 19:41:12.06 ATTENTION: default value of option mesa_glthread overridden by environment.

Jun 18, 2024 19:56:46.38 NEW SESSION
Jun 18, 2024 19:56:46.39 ATTENTION: default value of option mesa_glthread overridden by environment.
Jun 18, 2024 19:56:46.47 ATTENTION: default value of option mesa_glthread overridden by environment.

Jun 19, 2024 19:39:55.00 NEW SESSION
Jun 19, 2024 19:39:55.01 ATTENTION: default value of option mesa_glthread overridden by environment.
Jun 19, 2024 19:39:55.05 ATTENTION: default value of option mesa_glthread overridden by environment.

Nov 22, 2023 02:42:01.60 NEW SESSION
Nov 22, 2023 02:42:01.62 ATTENTION: default value of option mesa_glthread overridden by environment.
Nov 22, 2023 02:42:01.68 ATTENTION: default value of option mesa_glthread overridden by environment.
Nov 22, 2023 02:42:32.62 Fontconfig warning: Directory/file mtime in the future. New fonts may not be detected.
Nov 22, 2023 02:43:03.62 Fontconfig warning: Directory/file mtime in the future. New fonts may not be detected.
Nov 22, 2023 02:43:34.70 Fontconfig warning: Directory/file mtime in the future. New fonts may not be detected.
Nov 22, 2023 02:44:05.70 Fontconfig warning: Directory/file mtime in the future. New fonts may not be detected.
Nov 22, 2023 02:44:39.71 Fontconfig warning: Directory/file mtime in the future. New fonts may not be detected.
Nov 22, 2023 02:45:11.56 Fontconfig warning: Directory/file mtime in the future. New fonts may not be detected.
Nov 22, 2023 19:45:29.81 Fontconfig warning: Directory/file mtime in the future. New fonts may not be detected.

Jun 21, 2024 19:42:15.13 NEW SESSION
Jun 21, 2024 19:42:15.15 ATTENTION: default value of option mesa_glthread overridden by environment.
Jun 21, 2024 19:42:15.27 ATTENTION: default value of option mesa_glthread overridden by environment.
Jun 21, 2024 19:42:20.80 ATTENTION: default value of option mesa_glthread overridden by environment.
Jun 21, 2024 19:42:20.83 ATTENTION: default value of option mesa_glthread overridden by environment.

Jun 24, 2024 19:42:45.54 NEW SESSION
Jun 24, 2024 19:42:45.55 ATTENTION: default value of option mesa_glthread overridden by environment.
Jun 24, 2024 19:42:45.64 ATTENTION: default value of option mesa_glthread overridden by environment.

Jun 25, 2024 20:00:48.18 NEW SESSION
Jun 25, 2024 20:00:48.19 ATTENTION: default value of option mesa_glthread overridden by environment.
Jun 25, 2024 20:00:48.27 ATTENTION: default value of option mesa_glthread overridden by environment.
Jun 25, 2024 20:26:09.00 [Child 8914, MediaDecoderStateMachine #1] WARNING: Decoder=7f8c4bcaa800 state=DECODING_METADATA Decode metadata failed, shutting down decoder: file /build/firefox-sNr5he/firefox-126.0.1+build1/dom/media/MediaDecoderStateMachine.cpp:372
Jun 25, 2024 20:26:09.00 [Child 8914, MediaDecoderStateMachine #1] WARNING: Decoder=7f8c4bcaa800 Decode error: NS_ERROR_DOM_MEDIA_METADATA_ERR (0x806e0006): file /build/firefox-sNr5he/firefox-126.0.1+build1/dom/media/MediaDecoderStateMachineBase.cpp:167
Jun 25, 2024 20:26:09.00 [Child 8914, MediaDecoderStateMachine #1] WARNING: Decoder=7f8c4bcaa800 state=DECODING_METADATA Decode metadata failed, shutting down decoder: file /build/firefox-sNr5he/firefox-126.0.1+build1/dom/media/MediaDecoderStateMachine.cpp:372
Jun 25, 2024 20:26:09.00 [Child 8914, MediaDecoderStateMachine #1] WARNING: Decoder=7f8c4bcaa800 Decode error: NS_ERROR_DOM_MEDIA_METADATA_ERR (0x806e0006): file /build/firefox-sNr5he/firefox-126.0.1+build1/dom/media/MediaDecoderStateMachineBase.cpp:167
Jun 25, 2024 20:26:09.00 [Child 8914, MediaDecoderStateMachine #1] WARNING: Decoder=7f8c4ff21c00 state=DECODING_METADATA Decode metadata failed, shutting down decoder: file /build/firefox-sNr5he/firefox-126.0.1+build1/dom/media/MediaDecoderStateMachine.cpp:372
Jun 25, 2024 20:26:09.00 [Child 8914, MediaDecoderStateMachine #1] WARNING: Decoder=7f8c4ff21c00 Decode error: NS_ERROR_DOM_MEDIA_METADATA_ERR (0x806e0006): file /build/firefox-sNr5he/firefox-126.0.1+build1/dom/media/MediaDecoderStateMachineBase.cpp:167
Jun 25, 2024 20:26:09.01 [Child 8914, MediaDecoderStateMachine #1] WARNING: Decoder=7f8c4bcaa800 state=DECODING_METADATA Decode metadata failed, shutting down decoder: file /build/firefox-sNr5he/firefox-126.0.1+build1/dom/media/MediaDecoderStateMachine.cpp:372
Jun 25, 2024 20:26:09.01 [Child 8914, MediaDecoderStateMachine #1] WARNING: Decoder=7f8c4bcaa800 Decode error: NS_ERROR_DOM_MEDIA_METADATA_ERR (0x806e0006): file /build/firefox-sNr5he/firefox-126.0.1+build1/dom/media/MediaDecoderStateMachineBase.cpp:167
Jun 25, 2024 20:26:09.01 [Child 8914, MediaDecoderStateMachine #1] WARNING: Decoder=7f8c4ff21c00 state=DECODING_METADATA Decode metadata failed, shutting down decoder: file /build/firefox-sNr5he/firefox-126.0.1+build1/dom/media/MediaDecoderStateMachine.cpp:372
Jun 25, 2024 20:26:09.01 [Child 8914, MediaDecoderStateMachine #1] WARNING: Decoder=7f8c4ff21c00 Decode error: NS_ERROR_DOM_MEDIA_METADATA_ERR (0x806e0006): file /build/firefox-sNr5he/firefox-126.0.1+build1/dom/media/MediaDecoderStateMachineBase.cpp:167
Jun 25, 2024 20:26:09.02 [Child 8914, MediaDecoderStateMachine #1] WARNING: Decoder=7f8c4bcaa800 state=DECODING_METADATA Decode metadata failed, shutting down decoder: file /build/firefox-sNr5he/firefox-126.0.1+build1/dom/media/MediaDecoderStateMachine.cpp:372
Jun 25, 2024 20:26:09.02 [Child 8914, MediaDecoderStateMachine #1] WARNING: Decoder=7f8c4bcaa800 Decode error: NS_ERROR_DOM_MEDIA_METADATA_ERR (0x806e0006): file /build/firefox-sNr5he/firefox-126.0.1+build1/dom/media/MediaDecoderStateMachineBase.cpp:167
Jun 25, 2024 20:26:09.02 [Child 8914, MediaDecoderStateMachine #1] WARNING: Decoder=7f8c4ff21c00 state=DECODING_METADATA Decode metadata failed, shutting down decoder: file /build/firefox-sNr5he/firefox-126.0.1+build1/dom/media/MediaDecoderStateMachine.cpp:372
Jun 25, 2024 20:26:09.02 [Child 8914, MediaDecoderStateMachine #1] WARNING: Decoder=7f8c4ff21c00 Decode error: NS_ERROR_DOM_MEDIA_METADATA_ERR (0x806e0006): file /build/firefox-sNr5he/firefox-126.0.1+build1/dom/media/MediaDecoderStateMachineBase.cpp:167
Jun 25, 2024 20:26:09.10 [Child 8914, MediaDecoderStateMachine #1] WARNING: Decoder=7f8c4bcaa800 state=DECODING_METADATA Decode metadata failed, shutting down decoder: file /build/firefox-sNr5he/firefox-126.0.1+build1/dom/media/MediaDecoderStateMachine.cpp:372
Jun 25, 2024 20:26:09.10 [Child 8914, MediaDecoderStateMachine #1] WARNING: Decoder=7f8c4bcaa800 Decode error: NS_ERROR_DOM_MEDIA_METADATA_ERR (0x806e0006): file /build/firefox-sNr5he/firefox-126.0.1+build1/dom/media/MediaDecoderStateMachineBase.cpp:167
Jun 25, 2024 20:26:31.64 [10390] Sandbox: attempt to open unexpected file /sys/devices/system/cpu/cpu0/cache/index2/size
Jun 25, 2024 20:26:31.64 [10390] Sandbox: attempt to open unexpected file /sys/devices/system/cpu/cpu0/cache/index3/size
Jun 25, 2024 20:26:31.64 [10390] Sandbox: attempt to open unexpected file /sys/devices/system/cpu/present
Jun 25, 2024 20:26:31.64 [10390] Sandbox: attempt to open unexpected file /sys/devices/system/cpu
Jun 25, 2024 20:26:31.64 [10390] Sandbox: unexpected multiple open of file /proc/cpuinfo
Jun 25, 2024 20:27:00.23 [Child 8914, MediaDecoderStateMachine #1] WARNING: Decoder=7f8c4d5a3a00 state=DECODING_METADATA Decode metadata failed, shutting down decoder: file /build/firefox-sNr5he/firefox-126.0.1+build1/dom/media/MediaDecoderStateMachine.cpp:372
Jun 25, 2024 20:27:00.23 [Child 8914, MediaDecoderStateMachine #1] WARNING: Decoder=7f8c4d5a3a00 Decode error: NS_ERROR_DOM_MEDIA_METADATA_ERR (0x806e0006): file /build/firefox-sNr5he/firefox-126.0.1+build1/dom/media/MediaDecoderStateMachineBase.cpp:167
Jun 25, 2024 20:27:00.23 [Child 8914, MediaDecoderStateMachine #1] WARNING: Decoder=7f8c4d5a3a00 state=DECODING_METADATA Decode metadata failed, shutting down decoder: file /build/firefox-sNr5he/firefox-126.0.1+build1/dom/media/MediaDecoderStateMachine.cpp:372
Jun 25, 2024 20:27:00.23 [Child 8914, MediaDecoderStateMachine #1] WARNING: Decoder=7f8c4d5a3a00 Decode error: NS_ERROR_DOM_MEDIA_METADATA_ERR (0x806e0006): file /build/firefox-sNr5he/firefox-126.0.1+build1/dom/media/MediaDecoderStateMachineBase.cpp:167
Jun 25, 2024 20:27:00.23 [Child 8914, MediaDecoderStateMachine #1] WARNING: Decoder=7f8c4d5a6100 state=DECODING_METADATA Decode metadata failed, shutting down decoder: file /build/firefox-sNr5he/firefox-126.0.1+build1/dom/media/MediaDecoderStateMachine.cpp:372
Jun 25, 2024 20:27:00.23 [Child 8914, MediaDecoderStateMachine #1] WARNING: Decoder=7f8c4d5a6100 Decode error: NS_ERROR_DOM_MEDIA_METADATA_ERR (0x806e0006): file /build/firefox-sNr5he/firefox-126.0.1+build1/dom/media/MediaDecoderStateMachineBase.cpp:167
Jun 25, 2024 20:27:00.23 [Child 8914, MediaDecoderStateMachine #1] WARNING: Decoder=7f8c4d5a3a00 state=DECODING_METADATA Decode metadata failed, shutting down decoder: file /build/firefox-sNr5he/firefox-126.0.1+build1/dom/media/MediaDecoderStateMachine.cpp:372
Jun 25, 2024 20:27:00.23 [Child 8914, MediaDecoderStateMachine #1] WARNING: Decoder=7f8c4d5a3a00 Decode error: NS_ERROR_DOM_MEDIA_METADATA_ERR (0x806e0006): file /build/firefox-sNr5he/firefox-126.0.1+build1/dom/media/MediaDecoderStateMachineBase.cpp:167
Jun 25, 2024 20:27:00.23 [Child 8914, MediaDecoderStateMachine #1] WARNING: Decoder=7f8c4d5a6100 state=DECODING_METADATA Decode metadata failed, shutting down decoder: file /build/firefox-sNr5he/firefox-126.0.1+build1/dom/media/MediaDecoderStateMachine.cpp:372
Jun 25, 2024 20:27:00.23 [Child 8914, MediaDecoderStateMachine #1] WARNING: Decoder=7f8c4d5a6100 Decode error: NS_ERROR_DOM_MEDIA_METADATA_ERR (0x806e0006): file /build/firefox-sNr5he/firefox-126.0.1+build1/dom/media/MediaDecoderStateMachineBase.cpp:167
Jun 25, 2024 20:27:00.24 [Child 8914, MediaDecoderStateMachine #1] WARNING: Decoder=7f8c4d5a3a00 state=DECODING_METADATA Decode metadata failed, shutting down decoder: file /build/firefox-sNr5he/firefox-126.0.1+build1/dom/media/MediaDecoderStateMachine.cpp:372
Jun 25, 2024 20:27:00.24 [Child 8914, MediaDecoderStateMachine #1] WARNING: Decoder=7f8c4d5a3a00 Decode error: NS_ERROR_DOM_MEDIA_METADATA_ERR (0x806e0006): file /build/firefox-sNr5he/firefox-126.0.1+build1/dom/media/MediaDecoderStateMachineBase.cpp:167
Jun 25, 2024 20:27:00.24 [Child 8914, MediaDecoderStateMachine #1] WARNING: Decoder=7f8c4d5a6400 state=DECODING_METADATA Decode metadata failed, shutting down decoder: file /build/firefox-sNr5he/firefox-126.0.1+build1/dom/media/MediaDecoderStateMachine.cpp:372
Jun 25, 2024 20:27:00.24 [Child 8914, MediaDecoderStateMachine #1] WARNING: Decoder=7f8c4d5a6400 Decode error: NS_ERROR_DOM_MEDIA_METADATA_ERR (0x806e0006): file /build/firefox-sNr5he/firefox-126.0.1+build1/dom/media/MediaDecoderStateMachineBase.cpp:167
Jun 25, 2024 20:27:00.36 [Child 8914, MediaDecoderStateMachine #1] WARNING: Decoder=7f8c4d5a3a00 state=DECODING_METADATA Decode metadata failed, shutting down decoder: file /build/firefox-sNr5he/firefox-126.0.1+build1/dom/media/MediaDecoderStateMachine.cpp:372
Jun 25, 2024 20:27:00.36 [Child 8914, MediaDecoderStateMachine #1] WARNING: Decoder=7f8c4d5a3a00 Decode error: NS_ERROR_DOM_MEDIA_METADATA_ERR (0x806e0006): file /build/firefox-sNr5he/firefox-126.0.1+build1/dom/media/MediaDecoderStateMachineBase.cpp:167
Jun 25, 2024 20:27:12.05 [Child 8914, MediaDecoderStateMachine #1] WARNING: Decoder=7f8c54d18600 state=DECODING_METADATA Decode metadata failed, shutting down decoder: file /build/firefox-sNr5he/firefox-126.0.1+build1/dom/media/MediaDecoderStateMachine.cpp:372
Jun 25, 2024 20:27:12.05 [Child 8914, MediaDecoderStateMachine #1] WARNING: Decoder=7f8c54d18600 Decode error: NS_ERROR_DOM_MEDIA_METADATA_ERR (0x806e0006): file /build/firefox-sNr5he/firefox-126.0.1+build1/dom/media/MediaDecoderStateMachineBase.cpp:167
Jun 25, 2024 20:27:12.05 [Child 8914, MediaDecoderStateMachine #1] WARNING: Decoder=7f8c54d18600 state=DECODING_METADATA Decode metadata failed, shutting down decoder: file /build/firefox-sNr5he/firefox-126.0.1+build1/dom/media/MediaDecoderStateMachine.cpp:372
Jun 25, 2024 20:27:12.05 [Child 8914, MediaDecoderStateMachine #1] WARNING: Decoder=7f8c54d18600 Decode error: NS_ERROR_DOM_MEDIA_METADATA_ERR (0x806e0006): file /build/firefox-sNr5he/firefox-126.0.1+build1/dom/media/MediaDecoderStateMachineBase.cpp:167
Jun 25, 2024 20:27:12.05 [Child 8914, MediaDecoderStateMachine #1] WARNING: Decoder=7f8c54d18f00 state=DECODING_METADATA Decode metadata failed, shutting down decoder: file /build/firefox-sNr5he/firefox-126.0.1+build1/dom/media/MediaDecoderStateMachine.cpp:372
Jun 25, 2024 20:27:12.05 [Child 8914, MediaDecoderStateMachine #1] WARNING: Decoder=7f8c54d18f00 Decode error: NS_ERROR_DOM_MEDIA_METADATA_ERR (0x806e0006): file /build/firefox-sNr5he/firefox-126.0.1+build1/dom/media/MediaDecoderStateMachineBase.cpp:167
Jun 25, 2024 20:27:12.05 [Child 8914, MediaDecoderStateMachine #1] WARNING: Decoder=7f8c54d18900 state=DECODING_METADATA Decode metadata failed, shutting down decoder: file /build/firefox-sNr5he/firefox-126.0.1+build1/dom/media/MediaDecoderStateMachine.cpp:372
Jun 25, 2024 20:27:12.05 [Child 8914, MediaDecoderStateMachine #1] WARNING: Decoder=7f8c54d18900 Decode error: NS_ERROR_DOM_MEDIA_METADATA_ERR (0x806e0006): file /build/firefox-sNr5he/firefox-126.0.1+build1/dom/media/MediaDecoderStateMachineBase.cpp:167
Jun 25, 2024 20:27:12.05 [Child 8914, MediaDecoderStateMachine #1] WARNING: Decoder=7f8c54d19200 state=DECODING_METADATA Decode metadata failed, shutting down decoder: file /build/firefox-sNr5he/firefox-126.0.1+build1/dom/media/MediaDecoderStateMachine.cpp:372
Jun 25, 2024 20:27:12.06 [Child 8914, MediaDecoderStateMachine #1] WARNING: Decoder=7f8c54d19200 Decode error: NS_ERROR_DOM_MEDIA_METADATA_ERR (0x806e0006): file /build/firefox-sNr5he/firefox-126.0.1+build1/dom/media/MediaDecoderStateMachineBase.cpp:167
Jun 25, 2024 20:27:12.06 [Child 8914, MediaDecoderStateMachine #1] WARNING: Decoder=7f8c54d18600 state=DECODING_METADATA Decode metadata failed, shutting down decoder: file /build/firefox-sNr5he/firefox-126.0.1+build1/dom/media/MediaDecoderStateMachine.cpp:372
Jun 25, 2024 20:27:12.06 [Child 8914, MediaDecoderStateMachine #1] WARNING: Decoder=7f8c54d18600 Decode error: NS_ERROR_DOM_MEDIA_METADATA_ERR (0x806e0006): file /build/firefox-sNr5he/firefox-126.0.1+build1/dom/media/MediaDecoderStateMachineBase.cpp:167
Jun 25, 2024 20:27:12.06 [Child 8914, MediaDecoderStateMachine #1] WARNING: Decoder=7f8c54d18c00 state=DECODING_METADATA Decode metadata failed, shutting down decoder: file /build/firefox-sNr5he/firefox-126.0.1+build1/dom/media/MediaDecoderStateMachine.cpp:372
Jun 25, 2024 20:27:12.06 [Child 8914, MediaDecoderStateMachine #1] WARNING: Decoder=7f8c54d18c00 Decode error: NS_ERROR_DOM_MEDIA_METADATA_ERR (0x806e0006): file /build/firefox-sNr5he/firefox-126.0.1+build1/dom/media/MediaDecoderStateMachineBase.cpp:167
Jun 25, 2024 20:27:12.12 [Child 8914, MediaDecoderStateMachine #1] WARNING: Decoder=7f8c53c0dd00 state=DECODING_METADATA Decode metadata failed, shutting down decoder: file /build/firefox-sNr5he/firefox-126.0.1+build1/dom/media/MediaDecoderStateMachine.cpp:372
Jun 25, 2024 20:27:12.12 [Child 8914, MediaDecoderStateMachine #1] WARNING: Decoder=7f8c53c0dd00 Decode error: NS_ERROR_DOM_MEDIA_METADATA_ERR (0x806e0006): file /build/firefox-sNr5he/firefox-126.0.1+build1/dom/media/MediaDecoderStateMachineBase.cpp:167
Jun 25, 2024 20:36:52.04 [Child 8914, MediaDecoderStateMachine #1] WARNING: Decoder=7f8c4ab84200 state=DECODING_METADATA Decode metadata failed, shutting down decoder: file /build/firefox-sNr5he/firefox-126.0.1+build1/dom/media/MediaDecoderStateMachine.cpp:372
Jun 25, 2024 20:36:52.04 [Child 8914, MediaDecoderStateMachine #1] WARNING: Decoder=7f8c4ab84200 Decode error: NS_ERROR_DOM_MEDIA_METADATA_ERR (0x806e0006): file /build/firefox-sNr5he/firefox-126.0.1+build1/dom/media/MediaDecoderStateMachineBase.cpp:167
Jun 25, 2024 20:36:52.05 [Child 8914, MediaDecoderStateMachine #1] WARNING: Decoder=7f8c4b21a100 state=DECODING_METADATA Decode metadata failed, shutting down decoder: file /build/firefox-sNr5he/firefox-126.0.1+build1/dom/media/MediaDecoderStateMachine.cpp:372
Jun 25, 2024 20:36:52.05 [Child 8914, MediaDecoderStateMachine #1] WARNING: Decoder=7f8c4b21a100 Decode error: NS_ERROR_DOM_MEDIA_METADATA_ERR (0x806e0006): file /build/firefox-sNr5he/firefox-126.0.1+build1/dom/media/MediaDecoderStateMachineBase.cpp:167
Jun 25, 2024 20:36:52.05 [Child 8914, MediaDecoderStateMachine #1] WARNING: Decoder=7f8c4baee700 state=DECODING_METADATA Decode metadata failed, shutting down decoder: file /build/firefox-sNr5he/firefox-126.0.1+build1/dom/media/MediaDecoderStateMachine.cpp:372
Jun 25, 2024 20:36:52.05 [Child 8914, MediaDecoderStateMachine #1] WARNING: Decoder=7f8c4baee700 Decode error: NS_ERROR_DOM_MEDIA_METADATA_ERR (0x806e0006): file /build/firefox-sNr5he/firefox-126.0.1+build1/dom/media/MediaDecoderStateMachineBase.cpp:167
Jun 25, 2024 20:36:52.06 [Child 8914, MediaDecoderStateMachine #1] WARNING: Decoder=7f8c4d5a6d00 state=DECODING_METADATA Decode metadata failed, shutting down decoder: file /build/firefox-sNr5he/firefox-126.0.1+build1/dom/media/MediaDecoderStateMachine.cpp:372
Jun 25, 2024 20:36:52.06 [Child 8914, MediaDecoderStateMachine #1] WARNING: Decoder=7f8c4d5a6d00 Decode error: NS_ERROR_DOM_MEDIA_METADATA_ERR (0x806e0006): file /build/firefox-sNr5he/firefox-126.0.1+build1/dom/media/MediaDecoderStateMachineBase.cpp:167
Jun 25, 2024 20:36:52.06 [Child 8914, MediaDecoderStateMachine #1] WARNING: Decoder=7f8c4ab84200 state=DECODING_METADATA Decode metadata failed, shutting down decoder: file /build/firefox-sNr5he/firefox-126.0.1+build1/dom/media/MediaDecoderStateMachine.cpp:372
Jun 25, 2024 20:36:52.06 [Child 8914, MediaDecoderStateMachine #1] WARNING: Decoder=7f8c4ab84200 Decode error: NS_ERROR_DOM_MEDIA_METADATA_ERR (0x806e0006): file /build/firefox-sNr5he/firefox-126.0.1+build1/dom/media/MediaDecoderStateMachineBase.cpp:167
Jun 25, 2024 20:36:52.08 [Child 8914, MediaDecoderStateMachine #1] WARNING: Decoder=7f8c4ab84200 state=DECODING_METADATA Decode metadata failed, shutting down decoder: file /build/firefox-sNr5he/firefox-126.0.1+build1/dom/media/MediaDecoderStateMachine.cpp:372
Jun 25, 2024 20:36:52.08 [Child 8914, MediaDecoderStateMachine #1] WARNING: Decoder=7f8c4ab84200 Decode error: NS_ERROR_DOM_MEDIA_METADATA_ERR (0x806e0006): file /build/firefox-sNr5he/firefox-126.0.1+build1/dom/media/MediaDecoderStateMachineBase.cpp:167
Jun 25, 2024 20:36:52.08 [Child 8914, MediaDecoderStateMachine #1] WARNING: Decoder=7f8c4b219800 state=DECODING_METADATA Decode metadata failed, shutting down decoder: file /build/firefox-sNr5he/firefox-126.0.1+build1/dom/media/MediaDecoderStateMachine.cpp:372
Jun 25, 2024 20:36:52.08 [Child 8914, MediaDecoderStateMachine #1] WARNING: Decoder=7f8c4b219800 Decode error: NS_ERROR_DOM_MEDIA_METADATA_ERR (0x806e0006): file /build/firefox-sNr5he/firefox-126.0.1+build1/dom/media/MediaDecoderStateMachineBase.cpp:167
Jun 25, 2024 20:36:52.22 [Child 8914, MediaDecoderStateMachine #1] WARNING: Decoder=7f8c4ab84200 state=DECODING_METADATA Decode metadata failed, shutting down decoder: file /build/firefox-sNr5he/firefox-126.0.1+build1/dom/media/MediaDecoderStateMachine.cpp:372
Jun 25, 2024 20:36:52.22 [Child 8914, MediaDecoderStateMachine #1] WARNING: Decoder=7f8c4ab84200 Decode error: NS_ERROR_DOM_MEDIA_METADATA_ERR (0x806e0006): file /build/firefox-sNr5he/firefox-126.0.1+build1/dom/media/MediaDecoderStateMachineBase.cpp:167
